<?xml version="1.0" encoding="UTF-8"?>
<!-- Generated by org.testng.reporters.JUnitReportReporter -->
<testsuite skipped="0" hostname="DESKTOP-Q3OL5F5" name="testCases.Tc017_windowsTest" tests="1" failures="0" timestamp="22 Feb 2023 16:16:11 GMT" time="0.354" errors="0">
  <testcase name="windowsTest" time="0.354" classname="testCases.Tc017_windowsTest"/>
</testsuite> <!-- testCases.Tc017_windowsTest -->
