<?xml version="1.0" encoding="UTF-8"?>
<!-- Generated by org.testng.reporters.JUnitReportReporter -->
<testsuite skipped="0" hostname="DESKTOP-Q3OL5F5" name="testCases.Tc018_NotificationMessageTest" tests="1" failures="0" timestamp="22 Feb 2023 16:46:16 GMT" time="1.160" errors="0">
  <testcase name="NotificationMessageTest" time="1.160" classname="testCases.Tc018_NotificationMessageTest"/>
</testsuite> <!-- testCases.Tc018_NotificationMessageTest -->
