<?xml version="1.0" encoding="UTF-8"?>
<!-- Generated by org.testng.reporters.JUnitReportReporter -->
<testsuite skipped="0" hostname="DESKTOP-Q3OL5F5" name="testCases.Tc008_DynamicControlTest" tests="2" failures="0" timestamp="22 Feb 2023 17:53:55 GMT" time="13.443" errors="0">
  <testcase name="DynamicControlRemoveAdd" time="6.759" classname="testCases.Tc008_DynamicControlTest"/>
  <testcase name="DynamicControlEnableDisable" time="6.684" classname="testCases.Tc008_DynamicControlTest"/>
</testsuite> <!-- testCases.Tc008_DynamicControlTest -->
