<?xml version="1.0" encoding="UTF-8"?>
<!-- Generated by org.testng.reporters.JUnitReportReporter -->
<testsuite skipped="0" hostname="DESKTOP-Q3OL5F5" name="testCases.Tc015_JavaScriptAlertsTest" tests="1" failures="0" timestamp="22 Feb 2023 04:11:54 GMT" time="0.759" errors="0">
  <testcase name="JavaScriptAlertsTest" time="0.759" classname="testCases.Tc015_JavaScriptAlertsTest"/>
</testsuite> <!-- testCases.Tc015_JavaScriptAlertsTest -->
