<?xml version="1.0" encoding="UTF-8"?>
<!-- Generated by org.testng.reporters.JUnitReportReporter -->
<testsuite skipped="0" hostname="DESKTOP-Q3OL5F5" name="testCases.Tc002_LoginFailure" tests="1" failures="0" timestamp="22 Feb 2023 04:11:54 GMT" time="0.948" errors="0">
  <testcase name="LoginSuccess" time="0.948" classname="testCases.Tc002_LoginFailure"/>
</testsuite> <!-- testCases.Tc002_LoginFailure -->
