<?xml version="1.0" encoding="UTF-8"?>
<!-- Generated by org.testng.reporters.JUnitReportReporter -->
<testsuite skipped="0" hostname="DESKTOP-Q3OL5F5" name="testCases.Tc014_MouseHoverTest" tests="1" failures="0" timestamp="22 Feb 2023 15:38:35 GMT" time="0.875" errors="0">
  <testcase name="MouseHoverTest" time="0.875" classname="testCases.Tc014_MouseHoverTest"/>
</testsuite> <!-- testCases.Tc014_MouseHoverTest -->
