<?xml version="1.0" encoding="UTF-8"?>
<!-- Generated by org.testng.reporters.JUnitReportReporter -->
<testsuite skipped="0" hostname="DESKTOP-Q3OL5F5" name="testCases.Tc003_Checkboxes" tests="1" failures="0" timestamp="22 Feb 2023 18:26:49 GMT" time="0.534" errors="0">
  <testcase name="checkbox" time="0.534" classname="testCases.Tc003_Checkboxes"/>
</testsuite> <!-- testCases.Tc003_Checkboxes -->
