<?xml version="1.0" encoding="UTF-8"?>
<!-- Generated by org.testng.reporters.JUnitReportReporter -->
<testsuite skipped="0" hostname="DESKTOP-Q3OL5F5" name="testCases.Tc001_LoginSuccess" tests="1" failures="0" timestamp="22 Feb 2023 18:26:49 GMT" time="1.035" errors="0">
  <testcase name="LoginSuccess" time="1.035" classname="testCases.Tc001_LoginSuccess"/>
</testsuite> <!-- testCases.Tc001_LoginSuccess -->
